Determining if the pthread_create exist failed with the following output:
Change Dir: /home/jerrywang/MotorSim/build/CMakeFiles/CMakeTmp

Run Build Command:"/usr/bin/make" "cmTC_1f05a/fast"
/usr/bin/make -f CMakeFiles/cmTC_1f05a.dir/build.make CMakeFiles/cmTC_1f05a.dir/build
make[1]: Entering directory '/home/jerrywang/MotorSim/build/CMakeFiles/CMakeTmp'
Building C object CMakeFiles/cmTC_1f05a.dir/CheckSymbolExists.c.o
/usr/bin/cc     -o CMakeFiles/cmTC_1f05a.dir/CheckSymbolExists.c.o   -c /home/jerrywang/MotorSim/build/CMakeFiles/CMakeTmp/CheckSymbolExists.c
Linking C executable cmTC_1f05a
/usr/bin/cmake -E cmake_link_script CMakeFiles/cmTC_1f05a.dir/link.txt --verbose=1
/usr/bin/cc       CMakeFiles/cmTC_1f05a.dir/CheckSymbolExists.c.o  -o cmTC_1f05a -rdynamic 
CMakeFiles/cmTC_1f05a.dir/CheckSymbolExists.c.o: 於函式 main:
CheckSymbolExists.c:(.text+0x16): 未定義參考到「pthread_create」
collect2: error: ld returned 1 exit status
CMakeFiles/cmTC_1f05a.dir/build.make:97: recipe for target 'cmTC_1f05a' failed
make[1]: *** [cmTC_1f05a] Error 1
make[1]: Leaving directory '/home/jerrywang/MotorSim/build/CMakeFiles/CMakeTmp'
Makefile:126: recipe for target 'cmTC_1f05a/fast' failed
make: *** [cmTC_1f05a/fast] Error 2

File /home/jerrywang/MotorSim/build/CMakeFiles/CMakeTmp/CheckSymbolExists.c:
/* */
#include <pthread.h>

int main(int argc, char** argv)
{
  (void)argv;
#ifndef pthread_create
  return ((int*)(&pthread_create))[argc];
#else
  (void)argc;
  return 0;
#endif
}

Determining if the function pthread_create exists in the pthreads failed with the following output:
Change Dir: /home/jerrywang/MotorSim/build/CMakeFiles/CMakeTmp

Run Build Command:"/usr/bin/make" "cmTC_26079/fast"
/usr/bin/make -f CMakeFiles/cmTC_26079.dir/build.make CMakeFiles/cmTC_26079.dir/build
make[1]: Entering directory '/home/jerrywang/MotorSim/build/CMakeFiles/CMakeTmp'
Building C object CMakeFiles/cmTC_26079.dir/CheckFunctionExists.c.o
/usr/bin/cc    -DCHECK_FUNCTION_EXISTS=pthread_create   -o CMakeFiles/cmTC_26079.dir/CheckFunctionExists.c.o   -c /usr/share/cmake-3.5/Modules/CheckFunctionExists.c
Linking C executable cmTC_26079
/usr/bin/cmake -E cmake_link_script CMakeFiles/cmTC_26079.dir/link.txt --verbose=1
/usr/bin/cc   -DCHECK_FUNCTION_EXISTS=pthread_create    CMakeFiles/cmTC_26079.dir/CheckFunctionExists.c.o  -o cmTC_26079 -rdynamic -lpthreads 
/usr/bin/ld: 找不到 -lpthreads
collect2: error: ld returned 1 exit status
CMakeFiles/cmTC_26079.dir/build.make:97: recipe for target 'cmTC_26079' failed
make[1]: *** [cmTC_26079] Error 1
make[1]: Leaving directory '/home/jerrywang/MotorSim/build/CMakeFiles/CMakeTmp'
Makefile:126: recipe for target 'cmTC_26079/fast' failed
make: *** [cmTC_26079/fast] Error 2


